#
# There is insufficient memory for the Java Runtime Environment to continue.
# Native memory allocation (mmap) failed to map 65536 bytes. Error detail: Failed to commit metaspace.
# Possible reasons:
#   The system is out of physical RAM or swap space
#   This process is running with CompressedOops enabled, and the Java Heap may be blocking the growth of the native heap
# Possible solutions:
#   Reduce memory load on the system
#   Increase physical memory or swap space
#   Check if swap backing store is full
#   Decrease Java heap size (-Xmx/-Xms)
#   Decrease number of Java threads
#   Decrease Java thread stack sizes (-Xss)
#   Set larger code cache with -XX:ReservedCodeCacheSize=
#   JVM is running with Zero Based Compressed Oops mode in which the Java heap is
#     placed in the first 32GB address space. The Java Heap base address is the
#     maximum limit for the native heap growth. Please use -XX:HeapBaseMinAddress
#     to set the Java Heap base and to place the Java Heap above 32GB virtual address.
# This output file may be truncated or incomplete.
#
#  Out of Memory Error (virtualSpaceNode.cpp:113), pid=10500, tid=10664
#
# JRE version: OpenJDK Runtime Environment (21.0.6) (build 21.0.6+-13391695-b895.109)
# Java VM: OpenJDK 64-Bit Server VM (21.0.6+-13391695-b895.109, mixed mode, tiered, compressed oops, compressed class ptrs, g1 gc, windows-amd64)
# No core dump will be written. Minidumps are not enabled by default on client versions of Windows
#

---------------  S U M M A R Y ------------

Command Line: org.jetbrains.kotlin.cli.jvm.K2JVMCompiler @D:\Apps\TripBillSplitter\build\share_plus\20260123_18088366391551828207.compiler.options

Host: Intel(R) Core(TM) i7-4720HQ CPU @ 2.60GHz, 8 cores, 23G,  Windows 11 , 64 bit Build 22621 (10.0.22621.5415)
Time: Fri Jan 23 10:18:31 2026 Arabian Standard Time elapsed time: 19.359945 seconds (0d 0h 0m 19s)

---------------  T H R E A D  ---------------

Current thread (0x00000252409b6b80):  JavaThread "main"             [_thread_in_vm, id=10664, stack(0x0000005606000000,0x0000005606100000) (1024K)]

Stack: [0x0000005606000000,0x0000005606100000]
Native frames: (J=compiled Java code, j=interpreted, Vv=VM code, C=native code)
V  [jvm.dll+0x6d0639]
V  [jvm.dll+0x85eb03]
V  [jvm.dll+0x86105e]
V  [jvm.dll+0x861743]
V  [jvm.dll+0x27e6e6]
V  [jvm.dll+0x8599de]
V  [jvm.dll+0x674055]
V  [jvm.dll+0x1e3131]
V  [jvm.dll+0x1e2efe]
V  [jvm.dll+0x6769a8]
V  [jvm.dll+0x6767e2]
V  [jvm.dll+0x674a4e]
V  [jvm.dll+0x27ad76]
V  [jvm.dll+0x72701a]
V  [jvm.dll+0x727b5f]
V  [jvm.dll+0x3c4390]
V  [jvm.dll+0x3c313c]
V  [jvm.dll+0x3c30d8]
V  [jvm.dll+0x5d90fc]
V  [jvm.dll+0x5d809c]
V  [jvm.dll+0x3d8db0]
V  [jvm.dll+0x3d842d]
C  0x000002524d3997a0

The last pc belongs to invokestatic (printed below).
Java frames: (J=compiled Java code, j=interpreted, Vv=VM code)
j  org.jetbrains.kotlin.fir.resolve.transformers.plugin.AbstractFirSpecificAnnotationResolveTransformer.shouldRunAnnotationResolve(Lorg/jetbrains/kotlin/fir/types/FirUserTypeRef;)Z+8
j  org.jetbrains.kotlin.fir.resolve.transformers.plugin.AbstractFirSpecificAnnotationResolveTransformer.transformAnnotationCall(Lorg/jetbrains/kotlin/fir/expressions/FirAnnotationCall;Ljava/lang/Void;)Lorg/jetbrains/kotlin/fir/expressions/FirStatement;+29
j  org.jetbrains.kotlin.fir.resolve.transformers.plugin.AbstractFirSpecificAnnotationResolveTransformer.transformAnnotationCall(Lorg/jetbrains/kotlin/fir/expressions/FirAnnotationCall;Ljava/lang/Object;)Lorg/jetbrains/kotlin/fir/expressions/FirStatement;+6
j  org.jetbrains.kotlin.fir.expressions.FirAnnotationCall.transform(Lorg/jetbrains/kotlin/fir/visitors/FirTransformer;Ljava/lang/Object;)Lorg/jetbrains/kotlin/fir/FirElement;+9
j  org.jetbrains.kotlin.fir.visitors.FirTransformerUtilKt.transformInplace(Ljava/util/List;Lorg/jetbrains/kotlin/fir/visitors/FirTransformer;Ljava/lang/Object;)V+49
j  org.jetbrains.kotlin.fir.visitors.FirTransformerUtilKt.transformInplace-aLnlfrU(Ljava/util/List;Lorg/jetbrains/kotlin/fir/visitors/FirTransformer;Ljava/lang/Object;)V+13
j  org.jetbrains.kotlin.fir.declarations.impl.FirSimpleFunctionImpl.transformAnnotations(Lorg/jetbrains/kotlin/fir/visitors/FirTransformer;Ljava/lang/Object;)Lorg/jetbrains/kotlin/fir/declarations/impl/FirSimpleFunctionImpl;+13
j  org.jetbrains.kotlin.fir.declarations.impl.FirSimpleFunctionImpl.transformAnnotations(Lorg/jetbrains/kotlin/fir/visitors/FirTransformer;Ljava/lang/Object;)Lorg/jetbrains/kotlin/fir/FirAnnotationContainer;+3
j  org.jetbrains.kotlin.fir.resolve.transformers.plugin.AbstractFirSpecificAnnotationResolveTransformer.transformAnnotationContainer(Lorg/jetbrains/kotlin/fir/FirAnnotationContainer;Ljava/lang/Void;)Lorg/jetbrains/kotlin/fir/FirAnnotationContainer;+13
j  org.jetbrains.kotlin.fir.resolve.transformers.plugin.AbstractFirSpecificAnnotationResolveTransformer.transformDeclaration(Lorg/jetbrains/kotlin/fir/declarations/FirDeclaration;Ljava/lang/Void;)Lorg/jetbrains/kotlin/fir/declarations/FirDeclaration;+13
j  org.jetbrains.kotlin.fir.resolve.transformers.plugin.AbstractFirSpecificAnnotationResolveTransformer.transformSimpleFunction(Lorg/jetbrains/kotlin/fir/declarations/FirSimpleFunction;Ljava/lang/Void;)Lorg/jetbrains/kotlin/fir/declarations/FirSimpleFunction;+37
j  org.jetbrains.kotlin.fir.resolve.transformers.plugin.AbstractFirSpecificAnnotationResolveTransformer.transformSimpleFunction(Lorg/jetbrains/kotlin/fir/declarations/FirSimpleFunction;Ljava/lang/Object;)Lorg/jetbrains/kotlin/fir/expressions/FirStatement;+6
j  org.jetbrains.kotlin.fir.declarations.FirSimpleFunction.transform(Lorg/jetbrains/kotlin/fir/visitors/FirTransformer;Ljava/lang/Object;)Lorg/jetbrains/kotlin/fir/FirElement;+9
j  org.jetbrains.kotlin.fir.visitors.FirTransformerUtilKt.transformInplace(Ljava/util/List;Lorg/jetbrains/kotlin/fir/visitors/FirTransformer;Ljava/lang/Object;)V+49
j  org.jetbrains.kotlin.fir.declarations.impl.FirRegularClassImpl.transformDeclarations(Lorg/jetbrains/kotlin/fir/visitors/FirTransformer;Ljava/lang/Object;)Lorg/jetbrains/kotlin/fir/declarations/impl/FirRegularClassImpl;+13
j  org.jetbrains.kotlin.fir.declarations.impl.FirRegularClassImpl.transformDeclarations(Lorg/jetbrains/kotlin/fir/visitors/FirTransformer;Ljava/lang/Object;)Lorg/jetbrains/kotlin/fir/declarations/FirRegularClass;+3
j  org.jetbrains.kotlin.fir.resolve.transformers.plugin.AbstractFirSpecificAnnotationResolveTransformer.transformRegularClass(Lorg/jetbrains/kotlin/fir/declarations/FirRegularClass;Ljava/lang/Void;)Lorg/jetbrains/kotlin/fir/expressions/FirStatement;+140
j  org.jetbrains.kotlin.fir.resolve.transformers.plugin.AbstractFirSpecificAnnotationResolveTransformer.transformRegularClass(Lorg/jetbrains/kotlin/fir/declarations/FirRegularClass;Ljava/lang/Object;)Lorg/jetbrains/kotlin/fir/expressions/FirStatement;+6
j  org.jetbrains.kotlin.fir.declarations.FirRegularClass.transform(Lorg/jetbrains/kotlin/fir/visitors/FirTransformer;Ljava/lang/Object;)Lorg/jetbrains/kotlin/fir/FirElement;+9
j  org.jetbrains.kotlin.fir.visitors.FirTransformerUtilKt.transformInplace(Ljava/util/List;Lorg/jetbrains/kotlin/fir/visitors/FirTransformer;Ljava/lang/Object;)V+49
j  org.jetbrains.kotlin.fir.declarations.impl.FirFileImpl.transformDeclarations(Lorg/jetbrains/kotlin/fir/visitors/FirTransformer;Ljava/lang/Object;)Lorg/jetbrains/kotlin/fir/declarations/impl/FirFileImpl;+12
j  org.jetbrains.kotlin.fir.declarations.impl.FirFileImpl.transformDeclarations(Lorg/jetbrains/kotlin/fir/visitors/FirTransformer;Ljava/lang/Object;)Lorg/jetbrains/kotlin/fir/declarations/FirFile;+3
j  org.jetbrains.kotlin.fir.resolve.transformers.plugin.AbstractFirSpecificAnnotationResolveTransformer.transformFile$lambda$12(Lorg/jetbrains/kotlin/fir/declarations/FirFile;Lorg/jetbrains/kotlin/fir/resolve/transformers/plugin/AbstractFirSpecificAnnotationResolveTransformer;Ljava/lang/Void;)Lkotlin/Unit;+6
j  org.jetbrains.kotlin.fir.resolve.transformers.plugin.AbstractFirSpecificAnnotationResolveTransformer$$Lambda+0x0000000800533660.invoke()Ljava/lang/Object;+12
j  org.jetbrains.kotlin.fir.resolve.transformers.plugin.AbstractFirSpecificAnnotationResolveTransformer.withFileAndFileScopes(Lorg/jetbrains/kotlin/fir/declarations/FirFile;Lkotlin/jvm/functions/Function0;)V+370
j  org.jetbrains.kotlin.fir.resolve.transformers.plugin.AbstractFirSpecificAnnotationResolveTransformer.transformFile(Lorg/jetbrains/kotlin/fir/declarations/FirFile;Ljava/lang/Void;)Lorg/jetbrains/kotlin/fir/declarations/FirFile;+30
j  org.jetbrains.kotlin.fir.resolve.transformers.plugin.AbstractFirSpecificAnnotationResolveTransformer.transformFile(Lorg/jetbrains/kotlin/fir/declarations/FirFile;Ljava/lang/Object;)Lorg/jetbrains/kotlin/fir/declarations/FirFile;+6
j  org.jetbrains.kotlin.fir.declarations.FirFile.transform(Lorg/jetbrains/kotlin/fir/visitors/FirTransformer;Ljava/lang/Object;)Lorg/jetbrains/kotlin/fir/FirElement;+9
j  org.jetbrains.kotlin.fir.resolve.transformers.plugin.AbstractFirCompilerRequiredAnnotationsResolveTransformer.resolveAnnotations(Lorg/jetbrains/kotlin/fir/declarations/FirFile;)V+22
j  org.jetbrains.kotlin.fir.resolve.transformers.plugin.AbstractFirCompilerRequiredAnnotationsResolveTransformer.transformFile(Lorg/jetbrains/kotlin/fir/declarations/FirFile;Ljava/lang/Void;)Lorg/jetbrains/kotlin/fir/declarations/FirFile;+19
j  org.jetbrains.kotlin.fir.resolve.transformers.plugin.AbstractFirCompilerRequiredAnnotationsResolveTransformer.transformFile(Lorg/jetbrains/kotlin/fir/declarations/FirFile;Ljava/lang/Object;)Lorg/jetbrains/kotlin/fir/declarations/FirFile;+6
j  org.jetbrains.kotlin.fir.declarations.FirFile.transform(Lorg/jetbrains/kotlin/fir/visitors/FirTransformer;Ljava/lang/Object;)Lorg/jetbrains/kotlin/fir/FirElement;+9
j  org.jetbrains.kotlin.fir.visitors.FirTransformerUtilKt.transformSingle(Lorg/jetbrains/kotlin/fir/FirElement;Lorg/jetbrains/kotlin/fir/visitors/FirTransformer;Ljava/lang/Object;)Lorg/jetbrains/kotlin/fir/FirElement;+18
j  org.jetbrains.kotlin.fir.resolve.transformers.plugin.FirCompilerRequiredAnnotationsResolveProcessor.process(Ljava/util/Collection;)V+95
j  org.jetbrains.kotlin.fir.resolve.transformers.FirTotalResolveProcessor.process(Ljava/util/List;)V+155
j  org.jetbrains.kotlin.fir.pipeline.AnalyseKt.runResolution(Lorg/jetbrains/kotlin/fir/FirSession;Ljava/util/List;)Lkotlin/Pair;+23
j  org.jetbrains.kotlin.fir.pipeline.FirUtilsKt.resolveAndCheckFir(Lorg/jetbrains/kotlin/fir/FirSession;Ljava/util/List;Lorg/jetbrains/kotlin/diagnostics/impl/BaseDiagnosticsCollector;)Lorg/jetbrains/kotlin/fir/pipeline/ModuleCompilerAnalyzedOutput;+23
j  org.jetbrains.kotlin.fir.pipeline.FirUtilsKt.buildResolveAndCheckFirViaLightTree(Lorg/jetbrains/kotlin/fir/FirSession;Ljava/util/Collection;Lorg/jetbrains/kotlin/diagnostics/impl/BaseDiagnosticsCollector;Lkotlin/reflect/KFunction;)Lorg/jetbrains/kotlin/fir/pipeline/ModuleCompilerAnalyzedOutput;+40
j  org.jetbrains.kotlin.cli.jvm.compiler.pipeline.JvmCompilerPipelineLightTreeKt.compileModuleToAnalyzedFirViaLightTreeIncrementally(Lorg/jetbrains/kotlin/cli/jvm/compiler/pipeline/FrontendContext;Lorg/jetbrains/kotlin/cli/jvm/compiler/pipeline/ModuleCompilerInput;Lorg/jetbrains/kotlin/diagnostics/impl/BaseDiagnosticsCollector;Ljava/util/List;Lorg/jetbrains/kotlin/fir/session/environment/AbstractProjectFileSearchScope;Ljava/util/List;)Lorg/jetbrains/kotlin/fir/pipeline/FirResult;+362
j  org.jetbrains.kotlin.cli.jvm.compiler.pipeline.JvmCompilerPipelineLightTreeKt.compileModuleToAnalyzedFirViaLightTree(Lorg/jetbrains/kotlin/cli/jvm/compiler/pipeline/FrontendContext;Lorg/jetbrains/kotlin/cli/jvm/compiler/pipeline/ModuleCompilerInput;Lorg/jetbrains/kotlin/diagnostics/impl/BaseDiagnosticsCollector;Ljava/util/List;)Lorg/jetbrains/kotlin/fir/pipeline/FirResult;+8
j  org.jetbrains.kotlin.cli.jvm.compiler.pipeline.JvmCompilerPipelineLightTreeKt.compileModule(Lorg/jetbrains/kotlin/cli/jvm/compiler/pipeline/FrontendContextForSingleModuleLightTree;)Lkotlin/Pair;+53
j  org.jetbrains.kotlin.cli.jvm.compiler.pipeline.JvmCompilerPipelineLightTreeKt.compileSingleModuleUsingFrontendIrAndLightTree(Lorg/jetbrains/kotlin/com/intellij/openapi/project/Project;Lorg/jetbrains/kotlin/cli/jvm/compiler/VfsBasedProjectEnvironment;Lorg/jetbrains/kotlin/config/CompilerConfiguration;Lorg/jetbrains/kotlin/cli/common/messages/MessageCollector;Ljava/io/File;Lorg/jetbrains/kotlin/modules/Module;Lorg/jetbrains/kotlin/cli/common/GroupedKtSources;)Z+29
j  org.jetbrains.kotlin.cli.jvm.compiler.pipeline.JvmCompilerPipelineLightTreeKt.compileModulesUsingFrontendIrAndLightTree(Lorg/jetbrains/kotlin/cli/jvm/compiler/VfsBasedProjectEnvironment;Lorg/jetbrains/kotlin/config/CompilerConfiguration;Lorg/jetbrains/kotlin/cli/common/messages/MessageCollector;Ljava/io/File;Ljava/util/List;Ljava/lang/String;ZZ)Z+183
j  org.jetbrains.kotlin.cli.jvm.K2JVMCompiler.doExecute(Lorg/jetbrains/kotlin/cli/common/arguments/K2JVMCompilerArguments;Lorg/jetbrains/kotlin/config/CompilerConfiguration;Lorg/jetbrains/kotlin/com/intellij/openapi/Disposable;Lorg/jetbrains/kotlin/utils/KotlinPaths;)Lorg/jetbrains/kotlin/cli/common/ExitCode;+962
j  org.jetbrains.kotlin.cli.jvm.K2JVMCompiler.doExecute(Lorg/jetbrains/kotlin/cli/common/arguments/CommonCompilerArguments;Lorg/jetbrains/kotlin/config/CompilerConfiguration;Lorg/jetbrains/kotlin/com/intellij/openapi/Disposable;Lorg/jetbrains/kotlin/utils/KotlinPaths;)Lorg/jetbrains/kotlin/cli/common/ExitCode;+9
j  org.jetbrains.kotlin.cli.common.CLICompiler.execImpl(Lorg/jetbrains/kotlin/cli/common/messages/MessageCollector;Lorg/jetbrains/kotlin/config/Services;Lorg/jetbrains/kotlin/cli/common/arguments/CommonCompilerArguments;)Lorg/jetbrains/kotlin/cli/common/ExitCode;+222
j  org.jetbrains.kotlin.cli.common.CLICompiler.exec(Lorg/jetbrains/kotlin/cli/common/messages/MessageCollector;Lorg/jetbrains/kotlin/config/Services;Lorg/jetbrains/kotlin/cli/common/arguments/CommonCompilerArguments;)Lorg/jetbrains/kotlin/cli/common/ExitCode;+89
j  org.jetbrains.kotlin.cli.common.CLICompiler.exec(Ljava/io/PrintStream;Lorg/jetbrains/kotlin/config/Services;Lorg/jetbrains/kotlin/cli/common/messages/MessageRenderer;[Ljava/lang/String;)Lorg/jetbrains/kotlin/cli/common/ExitCode;+259
j  org.jetbrains.kotlin.cli.common.CLICompiler.exec(Ljava/io/PrintStream;Lorg/jetbrains/kotlin/cli/common/messages/MessageRenderer;[Ljava/lang/String;)Lorg/jetbrains/kotlin/cli/common/ExitCode;+26
j  org.jetbrains.kotlin.cli.common.CLICompiler$Companion.doMainNoExit(Lorg/jetbrains/kotlin/cli/common/CLICompiler;[Ljava/lang/String;Lorg/jetbrains/kotlin/cli/common/messages/MessageRenderer;)Lorg/jetbrains/kotlin/cli/common/ExitCode;+39
j  org.jetbrains.kotlin.cli.common.CLICompiler$Companion.doMainNoExit$default(Lorg/jetbrains/kotlin/cli/common/CLICompiler$Companion;Lorg/jetbrains/kotlin/cli/common/CLICompiler;[Ljava/lang/String;Lorg/jetbrains/kotlin/cli/common/messages/MessageRenderer;ILjava/lang/Object;)Lorg/jetbrains/kotlin/cli/common/ExitCode;+16
j  org.jetbrains.kotlin.cli.common.CLICompiler$Companion.doMain(Lorg/jetbrains/kotlin/cli/common/CLICompiler;[Ljava/lang/String;)V+54
j  org.jetbrains.kotlin.cli.jvm.K2JVMCompiler$Companion.main([Ljava/lang/String;)V+20
j  org.jetbrains.kotlin.cli.jvm.K2JVMCompiler.main([Ljava/lang/String;)V+4
v  ~StubRoutines::call_stub 0x000002524d38100d
invokestatic  184 invokestatic  [0x000002524d399700, 0x000002524d3999c8]  712 bytes
[MachCode]
  0x000002524d399700: 4883 ec08 | c5fa 1104 | 24eb 1f48 | 83ec 10c5 | fb11 0424 | eb14 4883 | ec10 4889 | 0424 48c7 
  0x000002524d399720: 4424 0800 | 0000 00eb | 0150 4c89 | 6dc0 410f | b755 0148 | 8b4d d0c1 | e202 8b5c | d138 c1eb 
  0x000002524d399740: 1081 e3ff | 0000 0081 | fbb8 0000 | 000f 84b4 | 0000 00bb | b800 0000 | e805 0000 | 00e9 9900 
  0x000002524d399760: 0000 488b | d348 8d44 | 2408 4c89 | 6dc0 498b | cfc5 f877 | 4989 afa8 | 0300 0049 | 8987 9803 
  0x000002524d399780: 0000 4883 | ec20 40f6 | c40f 0f84 | 1900 0000 | 4883 ec08 | 48b8 c083 | 2ec4 fb7f | 0000 ffd0 
  0x000002524d3997a0: 4883 c408 | e90c 0000 | 0048 b8c0 | 832e c4fb | 7f00 00ff | d048 83c4 | 2049 c787 | 9803 0000 
  0x000002524d3997c0: 0000 0000 | 49c7 87a8 | 0300 0000 | 0000 0049 | c787 a003 | 0000 0000 | 0000 c5f8 | 7749 837f 
  0x000002524d3997e0: 0800 0f84 | 0500 0000 | e913 77fe | ff4c 8b6d | c04c 8b75 | c84e 8d74 | f500 c341 | 0fb7 5501 
  0x000002524d399800: 488b 4dd0 | c1e2 0248 | 8b5c d140 | 488b 5b08 | 488b 5b08 | 488b 5b18 | 80bb 4101 | 0000 040f 
  0x000002524d399820: 840d 0000 | 004c 3bbb | 4801 0000 | 0f85 21ff | ffff 488b | 5cd1 408b | 54d1 50c1 | ea1c 49ba 
  0x000002524d399840: 80e0 acc4 | fb7f 0000 | 498b 14d2 | 5248 8b45 | d848 85c0 | 0f84 1200 | 0000 4883 | 4008 0148 
  0x000002524d399860: 8358 0800 | 4883 c010 | 4889 45d8 | 488b 45d8 | 4885 c00f | 843d 0100 | 0080 78f0 | 0a0f 8533 
  0x000002524d399880: 0100 0048 | 83c0 084c | 8b68 f841 | 83ed 0041 | 83fd 020f | 8c12 0100 | 004c 8b6b | 0845 0fb7 
  0x000002524d3998a0: 6d2e 4c2b | 2841 83ed | 014e 8b6c | ec08 4d85 | ed75 0ef6 | 4008 0175 | 58f0 4883 | 4808 01eb 
  0x000002524d3998c0: 5045 8b6d | 0849 ba00 | 0000 0008 | 0000 004d | 03ea 4d8b | d54c 3368 | 0849 f7c5 | fcff ffff 
  0x000002524d3998e0: 742f 41f6 | c502 7529 | 4883 7808 | 0074 1e48 | 8378 0801 | 7417 4d8b | ea4c 3368 | 0849 f7c5 
  0x000002524d399900: fcff ffff | 740b 4883 | 4808 02eb | 044c 8968 | 0848 83c0 | 104c 8b68 | e841 83ed | 0241 83fd 
  0x000002524d399920: 020f 8c84 | 0000 004c | 8b6b 0845 | 0fb7 6d2e | 4c2b 2841 | 83ed 014e | 8b6c ec08 | 4d85 ed75 
  0x000002524d399940: 0ef6 4008 | 0175 58f0 | 4883 4808 | 01eb 5045 | 8b6d 0849 | ba00 0000 | 0008 0000 | 004d 03ea 
  0x000002524d399960: 4d8b d54c | 3368 0849 | f7c5 fcff | ffff 742f | 41f6 c502 | 7529 4883 | 7808 0074 | 1e48 8378 
  0x000002524d399980: 0801 7417 | 4d8b ea4c | 3368 0849 | f7c5 fcff | ffff 740b | 4883 4808 | 02eb 044c | 8968 0848 
  0x000002524d3999a0: 83c0 104c | 8b68 d841 | 83ed 0441 | c1e5 0349 | 03c5 4889 | 45d8 4c8d | 6c24 084c | 896d f0ff 
  0x000002524d3999c0: 6368 660f | 1f44 0000 
[/MachCode]

---------------  P R O C E S S  ---------------

Threads class SMR info:
_java_thread_list=0x0000025265154000, length=11, elements={
0x00000252409b6b80, 0x000002525f585560, 0x000002525f588280, 0x000002525f563b40,
0x000002525f564590, 0x000002525f564fe0, 0x000002525f565a30, 0x000002525f5667b0,
0x000002525f5699f0, 0x000002525f728c40, 0x000002525f729460
}

Java Threads: ( => current thread )
=>0x00000252409b6b80 JavaThread "main"                              [_thread_in_vm, id=10664, stack(0x0000005606000000,0x0000005606100000) (1024K)]
  0x000002525f585560 JavaThread "Reference Handler"          daemon [_thread_blocked, id=13388, stack(0x0000005606800000,0x0000005606900000) (1024K)]
  0x000002525f588280 JavaThread "Finalizer"                  daemon [_thread_blocked, id=27104, stack(0x0000005606900000,0x0000005606a00000) (1024K)]
  0x000002525f563b40 JavaThread "Signal Dispatcher"          daemon [_thread_blocked, id=26780, stack(0x0000005606a00000,0x0000005606b00000) (1024K)]
  0x000002525f564590 JavaThread "Attach Listener"            daemon [_thread_blocked, id=21432, stack(0x0000005606b00000,0x0000005606c00000) (1024K)]
  0x000002525f564fe0 JavaThread "Service Thread"             daemon [_thread_blocked, id=18828, stack(0x0000005606c00000,0x0000005606d00000) (1024K)]
  0x000002525f565a30 JavaThread "Monitor Deflation Thread"   daemon [_thread_blocked, id=33836, stack(0x0000005606d00000,0x0000005606e00000) (1024K)]
  0x000002525f5667b0 JavaThread "C2 CompilerThread0"         daemon [_thread_blocked, id=812, stack(0x0000005606e00000,0x0000005606f00000) (1024K)]
  0x000002525f5699f0 JavaThread "C1 CompilerThread0"         daemon [_thread_blocked, id=36848, stack(0x0000005606f00000,0x0000005607000000) (1024K)]
  0x000002525f728c40 JavaThread "Notification Thread"        daemon [_thread_blocked, id=9944, stack(0x0000005607000000,0x0000005607100000) (1024K)]
  0x000002525f729460 JavaThread "Common-Cleaner"             daemon [_thread_blocked, id=20404, stack(0x0000005607100000,0x0000005607200000) (1024K)]
Total: 11

Other Threads:
  0x000002525f5189d0 VMThread "VM Thread"                           [id=29924, stack(0x0000005606700000,0x0000005606800000) (1024K)]
  0x000002525f35eba0 WatcherThread "VM Periodic Task Thread"        [id=12216, stack(0x0000005606600000,0x0000005606700000) (1024K)]
  0x0000025242d82380 WorkerThread "GC Thread#0"                     [id=4780, stack(0x0000005606100000,0x0000005606200000) (1024K)]
  0x00000252644d5a60 WorkerThread "GC Thread#1"                     [id=29872, stack(0x0000005607200000,0x0000005607300000) (1024K)]
  0x00000252644d5e00 WorkerThread "GC Thread#2"                     [id=21160, stack(0x0000005607300000,0x0000005607400000) (1024K)]
  0x00000252644d61a0 WorkerThread "GC Thread#3"                     [id=18236, stack(0x0000005607400000,0x0000005607500000) (1024K)]
  0x00000252644d6540 WorkerThread "GC Thread#4"                     [id=19852, stack(0x0000005607500000,0x0000005607600000) (1024K)]
  0x00000252644b6570 WorkerThread "GC Thread#5"                     [id=12820, stack(0x0000005607600000,0x0000005607700000) (1024K)]
  0x00000252644b7120 WorkerThread "GC Thread#6"                     [id=15724, stack(0x0000005607700000,0x0000005607800000) (1024K)]
  0x00000252644b8ad0 WorkerThread "GC Thread#7"                     [id=33964, stack(0x0000005607800000,0x0000005607900000) (1024K)]
  0x0000025242d8f2f0 ConcurrentGCThread "G1 Main Marker"            [id=11848, stack(0x0000005606200000,0x0000005606300000) (1024K)]
  0x0000025242d8fdf0 WorkerThread "G1 Conc#0"                       [id=31048, stack(0x0000005606300000,0x0000005606400000) (1024K)]
  0x00000252644b7ff0 WorkerThread "G1 Conc#1"                       [id=6720, stack(0x0000005607900000,0x0000005607a00000) (1024K)]
  0x000002525f235640 ConcurrentGCThread "G1 Refine#0"               [id=19724, stack(0x0000005606400000,0x0000005606500000) (1024K)]
  0x000002525f235e60 ConcurrentGCThread "G1 Service"                [id=2444, stack(0x0000005606500000,0x0000005606600000) (1024K)]
Total: 15

Threads with active compile tasks:
Total: 0

VM state: not at safepoint (normal execution)

VM Mutex/Monitor currently owned by a thread:  ([mutex/lock_event])
[0x00007ffbc4abc1a0] Metaspace_lock - owner thread: 0x00000252409b6b80

Heap address: 0x0000000680c00000, size: 6132 MB, Compressed Oops mode: Zero based, Oop shift amount: 3

CDS archive(s) not mapped
Compressed class space mapped at: 0x0000000800000000-0x0000000840000000, reserved size: 1073741824
Narrow klass base: 0x0000000800000000, Narrow klass shift: 0, Narrow klass range: 0x40000000

GC Precious Log:
 CardTable entry size: 512
 Card Set container configuration: InlinePtr #cards 4 size 8 Array Of Cards #cards 32 size 80 Howl #buckets 8 coarsen threshold 7372 Howl Bitmap #cards 1024 size 144 coarsen threshold 921 Card regions per heap region 1 cards per card region 8192
 CPUs: 8 total, 8 available
 Memory: 24525M
 Large Page Support: Disabled
 NUMA Support: Disabled
 Compressed Oops: Enabled (Zero based)
 Heap Region Size: 4M
 Heap Min Capacity: 8M
 Heap Initial Capacity: 384M
 Heap Max Capacity: 6132M
 Pre-touch: Disabled
 Parallel Workers: 8
 Concurrent Workers: 2
 Concurrent Refinement Workers: 8
 Periodic GC: Disabled

Heap:
 garbage-first heap   total 53248K, used 27294K [0x0000000680c00000, 0x0000000800000000)
  region size 4096K, 4 young (16384K), 1 survivors (4096K)
 Metaspace       used 44620K, committed 44800K, reserved 1114112K
  class space    used 5169K, committed 5248K, reserved 1048576K

Heap Regions: E=young(eden), S=young(survivor), O=old, HS=humongous(starts), HC=humongous(continues), CS=collection set, F=free, TAMS=top-at-mark-start, PB=parsable bottom
|   0|0x0000000680c00000, 0x0000000681000000, 0x0000000681000000|100%|HS|  |TAMS 0x0000000680c00000| PB 0x0000000680c00000| Complete 
|   1|0x0000000681000000, 0x0000000681000000, 0x0000000681400000|  0%| F|  |TAMS 0x0000000681000000| PB 0x0000000681000000| Untracked 
|   2|0x0000000681400000, 0x0000000681800000, 0x0000000681800000|100%| O|  |TAMS 0x0000000681400000| PB 0x0000000681400000| Untracked 
|   3|0x0000000681800000, 0x0000000681c00000, 0x0000000681c00000|100%| O|  |TAMS 0x0000000681800000| PB 0x0000000681800000| Untracked 
|   4|0x0000000681c00000, 0x0000000681c00000, 0x0000000682000000|  0%| F|  |TAMS 0x0000000681c00000| PB 0x0000000681c00000| Untracked 
|   5|0x0000000682000000, 0x000000068238ef70, 0x0000000682400000| 88%| S|CS|TAMS 0x0000000682000000| PB 0x0000000682000000| Complete 
|   6|0x0000000682400000, 0x0000000682400000, 0x0000000682800000|  0%| F|  |TAMS 0x0000000682400000| PB 0x0000000682400000| Untracked 
|   7|0x0000000682800000, 0x0000000682800000, 0x0000000682c00000|  0%| F|  |TAMS 0x0000000682800000| PB 0x0000000682800000| Untracked 
|   8|0x0000000682c00000, 0x0000000682c00000, 0x0000000683000000|  0%| F|  |TAMS 0x0000000682c00000| PB 0x0000000682c00000| Untracked 
|   9|0x0000000683000000, 0x00000006831b4360, 0x0000000683400000| 42%| E|  |TAMS 0x0000000683000000| PB 0x0000000683000000| Complete 
|  94|0x0000000698400000, 0x0000000698800000, 0x0000000698800000|100%| E|CS|TAMS 0x0000000698400000| PB 0x0000000698400000| Complete 
|  95|0x0000000698800000, 0x0000000698c00000, 0x0000000698c00000|100%| E|CS|TAMS 0x0000000698800000| PB 0x0000000698800000| Complete 
|1532|0x00000007ffc00000, 0x00000007fff18910, 0x0000000800000000| 77%| O|  |TAMS 0x00000007ffc00000| PB 0x00000007ffc00000| Untracked 

Card table byte_map: [0x0000025255d90000,0x0000025256990000] _byte_map_base: 0x000002525298a000

Marking Bits: (CMBitMap*) 0x0000025242d82a80
 Bits: [0x0000025256990000, 0x000002525c960000)

Polling page: 0x0000025240b10000

Metaspace:

Usage:
  Non-class:     38.53 MB used.
      Class:      5.05 MB used.
       Both:     43.57 MB used.

Virtual space:
  Non-class space:       64.00 MB reserved,      38.62 MB ( 60%) committed,  1 nodes.
      Class space:        1.00 GB reserved,       5.12 MB ( <1%) committed,  1 nodes.
             Both:        1.06 GB reserved,      43.75 MB (  4%) committed. 

Chunk freelists:
   Non-Class:  8.55 MB
       Class:  10.75 MB
        Both:  19.30 MB

MaxMetaspaceSize: unlimited
CompressedClassSpaceSize: 1.00 GB
Initial GC threshold: 21.00 MB
Current GC threshold: 59.94 MB
CDS: off
 - commit_granule_bytes: 65536.
 - commit_granule_words: 8192.
 - virtual_space_node_default_size: 8388608.
 - enlarge_chunks_in_place: 1.
 - use_allocation_guard: 0.


Internal statistics:

num_allocs_failed_limit: 9.
num_arena_births: 230.
num_arena_deaths: 0.
num_vsnodes_births: 2.
num_vsnodes_deaths: 0.
num_space_committed: 699.
num_space_uncommitted: 0.
num_chunks_returned_to_freelist: 9.
num_chunks_taken_from_freelist: 1509.
num_chunk_merges: 9.
num_chunk_splits: 1242.
num_chunks_enlarged: 1118.
num_inconsistent_stats: 0.

CodeHeap 'non-profiled nmethods': size=120000Kb used=1077Kb max_used=1077Kb free=118922Kb
 bounds [0x000002524d920000, 0x000002524db90000, 0x0000025254e50000]
CodeHeap 'profiled nmethods': size=120000Kb used=4340Kb max_used=4340Kb free=115659Kb
 bounds [0x0000025245e50000, 0x0000025246290000, 0x000002524d380000]
CodeHeap 'non-nmethods': size=5760Kb used=1520Kb max_used=1565Kb free=4239Kb
 bounds [0x000002524d380000, 0x000002524d5f0000, 0x000002524d920000]
 total_blobs=2891 nmethods=2289 adapters=506
 compilation: enabled
              stopped_count=0, restarted_count=0
 full_count=0

Compilation events (20 events):
Event: 19.287 Thread 0x000002525f5699f0 nmethod 2398 0x000002524628b590 code [0x000002524628b800, 0x000002524628c198]
Event: 19.287 Thread 0x000002525f5699f0 2400       3       org.jetbrains.kotlin.fir.declarations.FirImport::<init> (5 bytes)
Event: 19.287 Thread 0x000002525f5699f0 nmethod 2400 0x000002524628c510 code [0x000002524628c6c0, 0x000002524628c888]
Event: 19.287 Thread 0x000002525f5699f0 2401       1       org.jetbrains.kotlin.fir.declarations.impl.FirImportImpl::getImportedFqName (5 bytes)
Event: 19.287 Thread 0x000002525f5699f0 nmethod 2401 0x000002524da2bf90 code [0x000002524da2c120, 0x000002524da2c1f0]
Event: 19.287 Thread 0x000002525f5699f0 2399       1       org.jetbrains.kotlin.fir.declarations.builder.FirImportBuilder::setImportedFqName (6 bytes)
Event: 19.287 Thread 0x000002525f5699f0 nmethod 2399 0x000002524da2c290 code [0x000002524da2c420, 0x000002524da2c538]
Event: 19.290 Thread 0x000002525f5667b0 nmethod 2395 0x000002524da2c590 code [0x000002524da2c720, 0x000002524da2c9a0]
Event: 19.315 Thread 0x000002525f5699f0 2402       1       org.jetbrains.kotlin.fir.declarations.impl.FirImportImpl::isAllUnder (5 bytes)
Event: 19.316 Thread 0x000002525f5699f0 nmethod 2402 0x000002524da2cb10 code [0x000002524da2cca0, 0x000002524da2cd70]
Event: 19.317 Thread 0x000002525f5699f0 2403       1       org.jetbrains.kotlin.fir.declarations.impl.FirResolvedImportImpl::getDelegate (5 bytes)
Event: 19.317 Thread 0x000002525f5699f0 nmethod 2403 0x000002524da2ce10 code [0x000002524da2cfa0, 0x000002524da2d070]
Event: 19.318 Thread 0x000002525f5699f0 2404       3       java.util.HashMap::put (13 bytes)
Event: 19.318 Thread 0x000002525f5699f0 nmethod 2404 0x000002524628c990 code [0x000002524628cb60, 0x000002524628ce68]
Event: 19.333 Thread 0x000002525f5699f0 2405       3       java.util.LinkedHashMap$LinkedEntryIterator::next (5 bytes)
Event: 19.334 Thread 0x000002525f5699f0 nmethod 2405 0x000002524628cf90 code [0x000002524628d140, 0x000002524628d2d8]
Event: 19.335 Thread 0x000002525f5699f0 2406       1       org.jetbrains.kotlin.com.google.common.collect.LinkedHashMultimap$ValueSet::size (5 bytes)
Event: 19.335 Thread 0x000002525f5699f0 nmethod 2406 0x000002524da2d110 code [0x000002524da2d2a0, 0x000002524da2d368]
Event: 19.335 Thread 0x000002525f5699f0 2407       1       org.jetbrains.kotlin.com.google.common.collect.AbstractMapBasedMultimap::access$000 (5 bytes)
Event: 19.335 Thread 0x000002525f5699f0 nmethod 2407 0x000002524da2d410 code [0x000002524da2d5a0, 0x000002524da2d650]

GC Heap History (14 events):
Event: 1.815 GC heap before
{Heap before GC invocations=0 (full 0):
 garbage-first heap   total 393216K, used 20480K [0x0000000680c00000, 0x0000000800000000)
  region size 4096K, 5 young (20480K), 0 survivors (0K)
 Metaspace       used 13037K, committed 13184K, reserved 1114112K
  class space    used 1162K, committed 1216K, reserved 1048576K
}
Event: 1.934 GC heap after
{Heap after GC invocations=1 (full 0):
 garbage-first heap   total 393216K, used 6821K [0x0000000680c00000, 0x0000000800000000)
  region size 4096K, 1 young (4096K), 1 survivors (4096K)
 Metaspace       used 13037K, committed 13184K, reserved 1114112K
  class space    used 1162K, committed 1216K, reserved 1048576K
}
Event: 4.133 GC heap before
{Heap before GC invocations=1 (full 0):
 garbage-first heap   total 393216K, used 31397K [0x0000000680c00000, 0x0000000800000000)
  region size 4096K, 7 young (28672K), 1 survivors (4096K)
 Metaspace       used 20512K, committed 20672K, reserved 1114112K
  class space    used 2089K, committed 2176K, reserved 1048576K
}
Event: 4.137 GC heap after
{Heap after GC invocations=2 (full 0):
 garbage-first heap   total 393216K, used 8361K [0x0000000680c00000, 0x0000000800000000)
  region size 4096K, 1 young (4096K), 1 survivors (4096K)
 Metaspace       used 20512K, committed 20672K, reserved 1114112K
  class space    used 2089K, committed 2176K, reserved 1048576K
}
Event: 4.449 GC heap before
{Heap before GC invocations=2 (full 0):
 garbage-first heap   total 393216K, used 8361K [0x0000000680c00000, 0x0000000800000000)
  region size 4096K, 2 young (8192K), 1 survivors (4096K)
 Metaspace       used 21328K, committed 21504K, reserved 1114112K
  class space    used 2173K, committed 2240K, reserved 1048576K
}
Event: 4.451 GC heap after
{Heap after GC invocations=3 (full 0):
 garbage-first heap   total 393216K, used 8557K [0x0000000680c00000, 0x0000000800000000)
  region size 4096K, 1 young (4096K), 1 survivors (4096K)
 Metaspace       used 21328K, committed 21504K, reserved 1114112K
  class space    used 2173K, committed 2240K, reserved 1048576K
}
Event: 10.462 GC heap before
{Heap before GC invocations=4 (full 0):
 garbage-first heap   total 40960K, used 37229K [0x0000000680c00000, 0x0000000800000000)
  region size 4096K, 8 young (32768K), 1 survivors (4096K)
 Metaspace       used 26867K, committed 27136K, reserved 1114112K
  class space    used 2840K, committed 2944K, reserved 1048576K
}
Event: 10.470 GC heap after
{Heap after GC invocations=5 (full 0):
 garbage-first heap   total 49152K, used 13927K [0x0000000680c00000, 0x0000000800000000)
  region size 4096K, 2 young (8192K), 2 survivors (8192K)
 Metaspace       used 26867K, committed 27136K, reserved 1114112K
  class space    used 2840K, committed 2944K, reserved 1048576K
}
Event: 13.941 GC heap before
{Heap before GC invocations=5 (full 0):
 garbage-first heap   total 49152K, used 34407K [0x0000000680c00000, 0x0000000800000000)
  region size 4096K, 7 young (28672K), 2 survivors (8192K)
 Metaspace       used 32688K, committed 32960K, reserved 1114112K
  class space    used 3954K, committed 4096K, reserved 1048576K
}
Event: 13.954 GC heap after
{Heap after GC invocations=6 (full 0):
 garbage-first heap   total 53248K, used 16013K [0x0000000680c00000, 0x0000000800000000)
  region size 4096K, 1 young (4096K), 1 survivors (4096K)
 Metaspace       used 32688K, committed 32960K, reserved 1114112K
  class space    used 3954K, committed 4096K, reserved 1048576K
}
Event: 16.885 GC heap before
{Heap before GC invocations=6 (full 0):
 garbage-first heap   total 53248K, used 32397K [0x0000000680c00000, 0x0000000800000000)
  region size 4096K, 6 young (24576K), 1 survivors (4096K)
 Metaspace       used 36395K, committed 36608K, reserved 1114112K
  class space    used 4327K, committed 4416K, reserved 1048576K
}
Event: 16.892 GC heap after
{Heap after GC invocations=7 (full 0):
 garbage-first heap   total 53248K, used 17360K [0x0000000680c00000, 0x0000000800000000)
  region size 4096K, 1 young (4096K), 1 survivors (4096K)
 Metaspace       used 36395K, committed 36608K, reserved 1114112K
  class space    used 4327K, committed 4416K, reserved 1048576K
}
Event: 18.733 GC heap before
{Heap before GC invocations=8 (full 0):
 garbage-first heap   total 53248K, used 37840K [0x0000000680c00000, 0x0000000800000000)
  region size 4096K, 6 young (24576K), 1 survivors (4096K)
 Metaspace       used 42234K, committed 42432K, reserved 1114112K
  class space    used 4918K, committed 4992K, reserved 1048576K
}
Event: 18.743 GC heap after
{Heap after GC invocations=9 (full 0):
 garbage-first heap   total 53248K, used 19102K [0x0000000680c00000, 0x0000000800000000)
  region size 4096K, 1 young (4096K), 1 survivors (4096K)
 Metaspace       used 42234K, committed 42432K, reserved 1114112K
  class space    used 4918K, committed 4992K, reserved 1048576K
}

Dll operation events (3 events):
Event: 0.033 Loaded shared library D:\Program Files\Android\Android Studio\jbr\bin\java.dll
Event: 0.216 Loaded shared library D:\Program Files\Android\Android Studio\jbr\bin\zip.dll
Event: 8.198 Loaded shared library D:\Program Files\Android\Android Studio\jbr\bin\verify.dll

Deoptimization events (20 events):
Event: 19.121 Thread 0x00000252409b6b80 Uncommon trap: trap_request=0xffffffde fr.pc=0x000002524d9ac65c relative=0x000000000000047c
Event: 19.121 Thread 0x00000252409b6b80 Uncommon trap: reason=class_check action=maybe_recompile pc=0x000002524d9ac65c method=java.util.HashMap.getNode(Ljava/lang/Object;)Ljava/util/HashMap$Node; @ 128 c2
Event: 19.121 Thread 0x00000252409b6b80 DEOPT PACKING pc=0x000002524d9ac65c sp=0x00000056060fe0f0
Event: 19.121 Thread 0x00000252409b6b80 DEOPT UNPACKING pc=0x000002524d3d46a2 sp=0x00000056060fdff8 mode 2
Event: 19.121 Thread 0x00000252409b6b80 Uncommon trap: trap_request=0xffffffde fr.pc=0x000002524d9ac65c relative=0x000000000000047c
Event: 19.121 Thread 0x00000252409b6b80 Uncommon trap: reason=class_check action=maybe_recompile pc=0x000002524d9ac65c method=java.util.HashMap.getNode(Ljava/lang/Object;)Ljava/util/HashMap$Node; @ 128 c2
Event: 19.121 Thread 0x00000252409b6b80 DEOPT PACKING pc=0x000002524d9ac65c sp=0x00000056060fe0f0
Event: 19.121 Thread 0x00000252409b6b80 DEOPT UNPACKING pc=0x000002524d3d46a2 sp=0x00000056060fdff8 mode 2
Event: 19.121 Thread 0x00000252409b6b80 Uncommon trap: trap_request=0xffffffde fr.pc=0x000002524d9eec0c relative=0x000000000000042c
Event: 19.121 Thread 0x00000252409b6b80 Uncommon trap: reason=class_check action=maybe_recompile pc=0x000002524d9eec0c method=java.util.HashMap.getNode(Ljava/lang/Object;)Ljava/util/HashMap$Node; @ 128 c2
Event: 19.121 Thread 0x00000252409b6b80 DEOPT PACKING pc=0x000002524d9eec0c sp=0x00000056060fe080
Event: 19.121 Thread 0x00000252409b6b80 DEOPT UNPACKING pc=0x000002524d3d46a2 sp=0x00000056060fdff8 mode 2
Event: 19.281 Thread 0x00000252409b6b80 Uncommon trap: trap_request=0xffffff45 fr.pc=0x000002524da2a688 relative=0x0000000000000428
Event: 19.281 Thread 0x00000252409b6b80 Uncommon trap: reason=unstable_if action=reinterpret pc=0x000002524da2a688 method=java.util.HashMap.getNode(Ljava/lang/Object;)Ljava/util/HashMap$Node; @ 66 c2
Event: 19.281 Thread 0x00000252409b6b80 DEOPT PACKING pc=0x000002524da2a688 sp=0x00000056060fde70
Event: 19.281 Thread 0x00000252409b6b80 DEOPT UNPACKING pc=0x000002524d3d46a2 sp=0x00000056060fdd80 mode 2
Event: 19.281 Thread 0x00000252409b6b80 Uncommon trap: trap_request=0xffffff45 fr.pc=0x000002524da18c3c relative=0x000000000000087c
Event: 19.281 Thread 0x00000252409b6b80 Uncommon trap: reason=unstable_if action=reinterpret pc=0x000002524da18c3c method=java.util.HashMap.putVal(ILjava/lang/Object;Ljava/lang/Object;ZZ)Ljava/lang/Object; @ 94 c2
Event: 19.281 Thread 0x00000252409b6b80 DEOPT PACKING pc=0x000002524da18c3c sp=0x00000056060fde20
Event: 19.281 Thread 0x00000252409b6b80 DEOPT UNPACKING pc=0x000002524d3d46a2 sp=0x00000056060fdd50 mode 2

Classes loaded (20 events):
Event: 17.208 Loading class sun/nio/cs/MS1251
Event: 17.208 Loading class sun/nio/cs/MS1251 done
Event: 17.369 Loading class java/util/function/IntConsumer
Event: 17.370 Loading class java/util/function/IntConsumer done
Event: 17.370 Loading class java/util/PrimitiveIterator$OfInt
Event: 17.370 Loading class java/util/PrimitiveIterator
Event: 17.370 Loading class java/util/PrimitiveIterator done
Event: 17.370 Loading class java/util/PrimitiveIterator$OfInt done
Event: 17.375 Loading class java/util/BitSet
Event: 17.375 Loading class java/util/BitSet done
Event: 17.438 Loading class java/io/InvalidObjectException
Event: 17.438 Loading class java/io/InvalidObjectException done
Event: 17.474 Loading class java/util/function/IntUnaryOperator
Event: 17.474 Loading class java/util/function/IntUnaryOperator done
Event: 17.786 Loading class java/math/RoundingMode
Event: 17.786 Loading class java/math/RoundingMode done
Event: 17.867 Loading class java/util/ArrayList$ListItr
Event: 17.867 Loading class java/util/ArrayList$ListItr done
Event: 18.782 Loading class java/util/PriorityQueue
Event: 18.783 Loading class java/util/PriorityQueue done

Classes unloaded (0 events):
No events

Classes redefined (0 events):
No events

Internal exceptions (20 events):
Event: 3.772 Thread 0x00000252409b6b80 Exception <a 'java/lang/NoSuchMethodError'{0x00000006970416f0}: 'int java.lang.invoke.DirectMethodHandle$Holder.invokeStatic(java.lang.Object)'> (0x00000006970416f0) 
thrown [s\src\hotspot\share\interpreter\linkResolver.cpp, line 784]
Event: 3.773 Thread 0x00000252409b6b80 Exception <a 'java/lang/NoSuchMethodError'{0x0000000697044b38}: 'int java.lang.invoke.DirectMethodHandle$Holder.invokeStaticInit(java.lang.Object)'> (0x0000000697044b38) 
thrown [s\src\hotspot\share\interpreter\linkResolver.cpp, line 784]
Event: 3.787 Thread 0x00000252409b6b80 Exception <a 'java/lang/NoSuchMethodError'{0x0000000697072a60}: 'java.lang.Object java.lang.invoke.DirectMethodHandle$Holder.newInvokeSpecial(java.lang.Object, java.lang.Object, int)'> (0x0000000697072a60) 
thrown [s\src\hotspot\share\interpreter\linkResolver.cpp, line 784]
Event: 4.291 Thread 0x00000252409b6b80 Exception <a 'java/lang/NoSuchMethodError'{0x00000006989b98a0}: 'void java.lang.invoke.DirectMethodHandle$Holder.invokeStatic(java.lang.Object, java.lang.Object, java.lang.Object, java.lang.Object)'> (0x00000006989b98a0) 
thrown [s\src\hotspot\share\interpreter\linkResolver.cpp, line 784]
Event: 4.468 Thread 0x00000252409b6b80 Exception <a 'java/lang/NoSuchMethodError'{0x000000069887b638}: 'java.lang.Object java.lang.invoke.DirectMethodHandle$Holder.invokeInterface(java.lang.Object, java.lang.Object)'> (0x000000069887b638) 
thrown [s\src\hotspot\share\interpreter\linkResolver.cpp, line 784]
Event: 4.820 Thread 0x00000252409b6b80 Exception <a 'java/lang/NoSuchMethodError'{0x00000006828e1590}: 'void java.lang.invoke.DirectMethodHandle$Holder.invokeStaticInit(java.lang.Object, java.lang.Object)'> (0x00000006828e1590) 
thrown [s\src\hotspot\share\interpreter\linkResolver.cpp, line 784]
Event: 4.905 Thread 0x00000252409b6b80 Exception <a 'java/lang/NoSuchMethodError'{0x0000000682ac8398}: 'int java.lang.invoke.DirectMethodHandle$Holder.invokeVirtual(java.lang.Object, java.lang.Object, java.lang.Object)'> (0x0000000682ac8398) 
thrown [s\src\hotspot\share\interpreter\linkResolver.cpp, line 784]
Event: 5.070 Thread 0x00000252409b6b80 Exception <a 'java/lang/NoSuchMethodError'{0x00000006824a27b8}: 'void java.lang.invoke.Invokers$Holder.invokeExact_MT(java.lang.Object, int, java.lang.Object)'> (0x00000006824a27b8) 
thrown [s\src\hotspot\share\interpreter\linkResolver.cpp, line 784]
Event: 5.221 Thread 0x00000252409b6b80 Exception <a 'java/lang/NoSuchMethodError'{0x00000006825f3b90}: 'void java.lang.invoke.DirectMethodHandle$Holder.invokeVirtual(java.lang.Object, java.lang.Object)'> (0x00000006825f3b90) 
thrown [s\src\hotspot\share\interpreter\linkResolver.cpp, line 784]
Event: 5.337 Thread 0x00000252409b6b80 Exception <a 'java/lang/NoSuchMethodError'{0x000000068266efe0}: 'java.lang.Object java.lang.invoke.DirectMethodHandle$Holder.invokeStatic(java.lang.Object, java.lang.Object, long, long)'> (0x000000068266efe0) 
thrown [s\src\hotspot\share\interpreter\linkResolver.cpp, line 784]
Event: 5.356 Thread 0x00000252409b6b80 Exception <a 'java/lang/NoSuchMethodError'{0x0000000682698a60}: 'long java.lang.invoke.DirectMethodHandle$Holder.invokeStatic(java.lang.Object, java.lang.Object, int)'> (0x0000000682698a60) 
thrown [s\src\hotspot\share\interpreter\linkResolver.cpp, line 784]
Event: 5.358 Thread 0x00000252409b6b80 Exception <a 'java/lang/NoSuchMethodError'{0x00000006826a3a48}: 'java.lang.Object java.lang.invoke.DelegatingMethodHandle$Holder.reinvoke_L(java.lang.Object, int, long, java.lang.Object, java.lang.Object, int, java.lang.Object)'> (0x00000006826a3a48) 
thrown [s\src\hotspot\share\interpreter\linkResolver.cpp, line 784]
Event: 5.369 Thread 0x00000252409b6b80 Exception <a 'java/lang/NoSuchMethodError'{0x00000006826cae28}: 'java.lang.Object java.lang.invoke.DirectMethodHandle$Holder.invokeStatic(java.lang.Object, java.lang.Object, int)'> (0x00000006826cae28) 
thrown [s\src\hotspot\share\interpreter\linkResolver.cpp, line 784]
Event: 5.370 Thread 0x00000252409b6b80 Exception <a 'java/lang/NoSuchMethodError'{0x00000006826d5a90}: 'void java.lang.invoke.DelegatingMethodHandle$Holder.delegate(java.lang.Object, java.lang.Object, int, java.lang.Object)'> (0x00000006826d5a90) 
thrown [s\src\hotspot\share\interpreter\linkResolver.cpp, line 784]
Event: 5.401 Thread 0x00000252409b6b80 Exception <a 'java/lang/NoSuchMethodError'{0x00000006826f1ca0}: 'java.lang.Object java.lang.invoke.DirectMethodHandle$Holder.newInvokeSpecial(java.lang.Object, java.lang.Object, java.lang.Object, long)'> (0x00000006826f1ca0) 
thrown [s\src\hotspot\share\interpreter\linkResolver.cpp, line 784]
Event: 8.270 Thread 0x00000252409b6b80 Exception <a 'java/lang/NoSuchMethodError'{0x0000000681b259f8}: 'void java.lang.invoke.DirectMethodHandle$Holder.invokeStaticInit(java.lang.Object, java.lang.Object, java.lang.Object)'> (0x0000000681b259f8) 
thrown [s\src\hotspot\share\interpreter\linkResolver.cpp, line 784]
Event: 10.710 Thread 0x00000252409b6b80 Exception <a 'java/lang/NoSuchMethodError'{0x0000000698925a78}: 'java.lang.Object java.lang.invoke.DirectMethodHandle$Holder.newInvokeSpecial(java.lang.Object, java.lang.Object, java.lang.Object, java.lang.Object, java.lang.Object, java.lang.Object, java.lang.Object)'> (0x0000000698925a78) 
thrown [s\src\hotspot\share\interpreter\linkResolver.cpp, line 784]
Event: 17.359 Thread 0x00000252409b6b80 Exception <a 'java/lang/NoSuchMethodError'{0x0000000698bcb070}: 'java.lang.Object java.lang.invoke.DirectMethodHandle$Holder.invokeVirtual(java.lang.Object, java.lang.Object, java.lang.Object)'> (0x0000000698bcb070) 
thrown [s\src\hotspot\share\interpreter\linkResolver.cpp, line 784]
Event: 18.219 Thread 0x00000252409b6b80 Exception <a 'java/lang/NoSuchMethodError'{0x0000000682f27eb8}: 'int java.lang.invoke.DirectMethodHandle$Holder.invokeStaticInit(java.lang.Object, int)'> (0x0000000682f27eb8) 
thrown [s\src\hotspot\share\interpreter\linkResolver.cpp, line 784]
Event: 18.305 Thread 0x00000252409b6b80 Exception <a 'java/lang/NoSuchMethodError'{0x0000000682848318}: 'java.lang.Object java.lang.invoke.DirectMethodHandle$Holder.newInvokeSpecial(java.lang.Object, java.lang.Object, java.lang.Object, java.lang.Object, java.lang.Object, java.lang.Object)'> (0x0000000682848318) 
thrown [s\src\hotspot\share\interpreter\linkResolver.cpp, line 784]

ZGC Phase Switch (0 events):
No events

VM Operations (20 events):
Event: 13.646 Executing VM operation: Cleanup
Event: 13.647 Executing VM operation: Cleanup done
Event: 13.941 Executing VM operation: G1CollectForAllocation (G1 Evacuation Pause)
Event: 13.954 Executing VM operation: G1CollectForAllocation (G1 Evacuation Pause) done
Event: 14.226 Executing VM operation: HandshakeAllThreads (Deoptimize)
Event: 14.226 Executing VM operation: HandshakeAllThreads (Deoptimize) done
Event: 15.239 Executing VM operation: Cleanup
Event: 15.255 Executing VM operation: Cleanup done
Event: 16.269 Executing VM operation: Cleanup
Event: 16.269 Executing VM operation: Cleanup done
Event: 16.885 Executing VM operation: CollectForMetadataAllocation (Metadata GC Threshold)
Event: 16.892 Executing VM operation: CollectForMetadataAllocation (Metadata GC Threshold) done
Event: 16.914 Executing VM operation: G1PauseRemark
Event: 16.917 Executing VM operation: G1PauseRemark done
Event: 16.922 Executing VM operation: G1PauseCleanup
Event: 16.922 Executing VM operation: G1PauseCleanup done
Event: 17.867 Executing VM operation: HandshakeAllThreads (Deoptimize)
Event: 17.867 Executing VM operation: HandshakeAllThreads (Deoptimize) done
Event: 18.733 Executing VM operation: G1CollectForAllocation (G1 Evacuation Pause)
Event: 18.743 Executing VM operation: G1CollectForAllocation (G1 Evacuation Pause) done

Memory protections (0 events):
No events

Nmethod flushes (20 events):
Event: 16.916 Thread 0x000002525f5189d0 flushing  nmethod 0x0000025245eb8c90
Event: 16.916 Thread 0x000002525f5189d0 flushing  nmethod 0x0000025245eba410
Event: 16.916 Thread 0x000002525f5189d0 flushing  nmethod 0x0000025245ebbb90
Event: 16.916 Thread 0x000002525f5189d0 flushing  nmethod 0x0000025245ebc910
Event: 16.916 Thread 0x000002525f5189d0 flushing  nmethod 0x0000025245ec7590
Event: 16.916 Thread 0x000002525f5189d0 flushing  nmethod 0x0000025245ec9110
Event: 16.916 Thread 0x000002525f5189d0 flushing  nmethod 0x0000025245eca690
Event: 16.916 Thread 0x000002525f5189d0 flushing  nmethod 0x0000025245ecaa10
Event: 16.916 Thread 0x000002525f5189d0 flushing  nmethod 0x0000025245ecc790
Event: 16.916 Thread 0x000002525f5189d0 flushing  nmethod 0x0000025245ee1710
Event: 16.916 Thread 0x000002525f5189d0 flushing  nmethod 0x0000025245ee1c10
Event: 16.916 Thread 0x000002525f5189d0 flushing  nmethod 0x0000025245ee2290
Event: 16.916 Thread 0x000002525f5189d0 flushing  nmethod 0x0000025245ee2790
Event: 16.916 Thread 0x000002525f5189d0 flushing  nmethod 0x0000025245ee2e10
Event: 16.916 Thread 0x000002525f5189d0 flushing  nmethod 0x0000025245ee3f10
Event: 16.916 Thread 0x000002525f5189d0 flushing  nmethod 0x0000025245ee7110
Event: 16.916 Thread 0x000002525f5189d0 flushing  nmethod 0x0000025245ee9590
Event: 16.916 Thread 0x000002525f5189d0 flushing  nmethod 0x0000025245eec790
Event: 16.916 Thread 0x000002525f5189d0 flushing  nmethod 0x0000025245eed010
Event: 16.916 Thread 0x000002525f5189d0 flushing  nmethod 0x0000025245f69c90

Events (20 events):
Event: 0.324 Thread 0x00000252409b6b80 Thread added: 0x000002525f564fe0
Event: 0.324 Thread 0x00000252409b6b80 Thread added: 0x000002525f565a30
Event: 0.324 Thread 0x00000252409b6b80 Thread added: 0x000002525f5667b0
Event: 0.333 Thread 0x00000252409b6b80 Thread added: 0x000002525f5699f0
Event: 0.427 Thread 0x00000252409b6b80 Thread added: 0x000002525f728c40
Event: 0.441 Thread 0x00000252409b6b80 Thread added: 0x000002525f729460
Event: 0.458 Loaded shared library D:\Program Files\Android\Android Studio\jbr\bin\net.dll
Event: 0.463 Loaded shared library D:\Program Files\Android\Android Studio\jbr\bin\nio.dll
Event: 0.537 Loaded shared library D:\Program Files\Android\Android Studio\jbr\bin\zip.dll
Event: 0.604 Loaded shared library D:\Program Files\Android\Android Studio\jbr\bin\jimage.dll
Event: 7.740 Thread 0x000002525f5667b0 Thread added: 0x00000252642c9fb0
Event: 7.740 Thread 0x000002525f5667b0 Thread added: 0x00000252642ca650
Event: 8.201 Thread 0x00000252642ca650 Thread exited: 0x00000252642ca650
Event: 8.201 Thread 0x00000252642c9fb0 Thread exited: 0x00000252642c9fb0
Event: 14.590 Thread 0x000002525f5667b0 Thread added: 0x000002526553dc90
Event: 15.156 Thread 0x000002526553dc90 Thread exited: 0x000002526553dc90
Event: 18.136 Thread 0x000002525f5699f0 Thread added: 0x00000252654b5a20
Event: 18.138 Thread 0x000002525f5699f0 Thread added: 0x00000252654b60c0
Event: 18.590 Thread 0x00000252654b60c0 Thread exited: 0x00000252654b60c0
Event: 18.825 Thread 0x00000252654b5a20 Thread exited: 0x00000252654b5a20


Dynamic libraries:
0x00007ff64aa10000 - 0x00007ff64aa1a000 	D:\Program Files\Android\Android Studio\jbr\bin\java.exe
0x00007ffc459b0000 - 0x00007ffc45bc8000 	C:\Windows\SYSTEM32\ntdll.dll
0x00007ffc45280000 - 0x00007ffc45344000 	C:\Windows\System32\KERNEL32.DLL
0x00007ffc42dd0000 - 0x00007ffc431a3000 	C:\Windows\System32\KERNELBASE.dll
0x00007ffc431b0000 - 0x00007ffc432c1000 	C:\Windows\System32\ucrtbase.dll
0x00007ffc3c8e0000 - 0x00007ffc3c8f8000 	D:\Program Files\Android\Android Studio\jbr\bin\jli.dll
0x00007ffc44570000 - 0x00007ffc44722000 	C:\Windows\System32\USER32.dll
0x00007ffc42da0000 - 0x00007ffc42dc6000 	C:\Windows\System32\win32u.dll
0x00007ffc43780000 - 0x00007ffc437a9000 	C:\Windows\System32\GDI32.dll
0x00007ffc42ac0000 - 0x00007ffc42bdb000 	C:\Windows\System32\gdi32full.dll
0x00007ffc435b0000 - 0x00007ffc4364a000 	C:\Windows\System32\msvcp_win.dll
0x00007ffc3cc20000 - 0x00007ffc3cc3b000 	D:\Program Files\Android\Android Studio\jbr\bin\VCRUNTIME140.dll
0x00007ffc33ad0000 - 0x00007ffc33d6c000 	C:\Windows\WinSxS\amd64_microsoft.windows.common-controls_6595b64144ccf1df_6.0.22621.6060_none_2712eda17382d24b\COMCTL32.dll
0x00007ffc45350000 - 0x00007ffc453f7000 	C:\Windows\System32\msvcrt.dll
0x00007ffc43fa0000 - 0x00007ffc43fd1000 	C:\Windows\System32\IMM32.DLL
0x00007ffc3d5a0000 - 0x00007ffc3d5ac000 	D:\Program Files\Android\Android Studio\jbr\bin\vcruntime140_1.dll
0x00007ffc20380000 - 0x00007ffc2040d000 	D:\Program Files\Android\Android Studio\jbr\bin\msvcp140.dll
0x00007ffbc3f10000 - 0x00007ffbc4b9b000 	D:\Program Files\Android\Android Studio\jbr\bin\server\jvm.dll
0x00007ffc451c0000 - 0x00007ffc45271000 	C:\Windows\System32\ADVAPI32.dll
0x00007ffc45550000 - 0x00007ffc455f8000 	C:\Windows\System32\sechost.dll
0x00007ffc434c0000 - 0x00007ffc434e8000 	C:\Windows\System32\bcrypt.dll
0x00007ffc43660000 - 0x00007ffc43778000 	C:\Windows\System32\RPCRT4.dll
0x00007ffc45730000 - 0x00007ffc457a1000 	C:\Windows\System32\WS2_32.dll
0x00007ffc418d0000 - 0x00007ffc4191d000 	C:\Windows\SYSTEM32\POWRPROF.dll
0x00007ffc3dcc0000 - 0x00007ffc3dcf4000 	C:\Windows\SYSTEM32\WINMM.dll
0x00007ffc3acd0000 - 0x00007ffc3acda000 	C:\Windows\SYSTEM32\VERSION.dll
0x00007ffc418b0000 - 0x00007ffc418c3000 	C:\Windows\SYSTEM32\UMPDC.dll
0x00007ffc41b50000 - 0x00007ffc41b68000 	C:\Windows\SYSTEM32\kernel.appcore.dll
0x00007ffc3b4c0000 - 0x00007ffc3b4ca000 	D:\Program Files\Android\Android Studio\jbr\bin\jimage.dll
0x00007ffc397c0000 - 0x00007ffc399f3000 	C:\Windows\SYSTEM32\DBGHELP.DLL
0x00007ffc43860000 - 0x00007ffc43bf1000 	C:\Windows\System32\combase.dll
0x00007ffc45400000 - 0x00007ffc454d8000 	C:\Windows\System32\OLEAUT32.dll
0x00007ffc1d690000 - 0x00007ffc1d6c2000 	C:\Windows\SYSTEM32\dbgcore.DLL
0x00007ffc432d0000 - 0x00007ffc4334b000 	C:\Windows\System32\bcryptPrimitives.dll
0x00007ffc39760000 - 0x00007ffc39780000 	D:\Program Files\Android\Android Studio\jbr\bin\java.dll
0x00007ffc37f40000 - 0x00007ffc37f58000 	D:\Program Files\Android\Android Studio\jbr\bin\zip.dll
0x00007ffc44920000 - 0x00007ffc451bc000 	C:\Windows\System32\SHELL32.dll
0x00007ffc42be0000 - 0x00007ffc42d1f000 	C:\Windows\System32\wintypes.dll
0x00007ffc40980000 - 0x00007ffc4129a000 	C:\Windows\SYSTEM32\windows.storage.dll
0x00007ffc44810000 - 0x00007ffc44914000 	C:\Windows\System32\SHCORE.dll
0x00007ffc454e0000 - 0x00007ffc45549000 	C:\Windows\System32\shlwapi.dll
0x00007ffc429f0000 - 0x00007ffc42a15000 	C:\Windows\SYSTEM32\profapi.dll
0x00007ffc36a40000 - 0x00007ffc36a50000 	D:\Program Files\Android\Android Studio\jbr\bin\net.dll
0x00007ffc3def0000 - 0x00007ffc3e01c000 	C:\Windows\SYSTEM32\WINHTTP.dll
0x00007ffc42020000 - 0x00007ffc42089000 	C:\Windows\system32\mswsock.dll
0x00007ffc354c0000 - 0x00007ffc354d6000 	D:\Program Files\Android\Android Studio\jbr\bin\nio.dll
0x00007ffc35ed0000 - 0x00007ffc35ee0000 	D:\Program Files\Android\Android Studio\jbr\bin\verify.dll

dbghelp: loaded successfully - version: 4.0.5 - missing functions: none
symbol engine: initialized successfully - sym options: 0x614 - pdb path: .;D:\Program Files\Android\Android Studio\jbr\bin;C:\Windows\SYSTEM32;C:\Windows\WinSxS\amd64_microsoft.windows.common-controls_6595b64144ccf1df_6.0.22621.6060_none_2712eda17382d24b;D:\Program Files\Android\Android Studio\jbr\bin\server

VM Arguments:
java_command: org.jetbrains.kotlin.cli.jvm.K2JVMCompiler @D:\Apps\TripBillSplitter\build\share_plus\20260123_18088366391551828207.compiler.options
java_class_path (initial): C:\Users\Ahmad\.gradle\caches\modules-2\files-2.1\org.jetbrains.kotlin\kotlin-compiler-embeddable\2.1.0\988bf980588bbbcfa1ba19c1ffd7aa869b335a31\kotlin-compiler-embeddable-2.1.0.jar;C:\Users\Ahmad\.gradle\caches\modules-2\files-2.1\org.jetbrains.kotlin\kotlin-stdlib\2.1.0\85f8b81009cda5890e54ba67d64b5e599c645020\kotlin-stdlib-2.1.0.jar;C:\Users\Ahmad\.gradle\caches\modules-2\files-2.1\org.jetbrains.kotlin\kotlin-script-runtime\2.1.0\5909da8c57b75a117714ab0e348c86101b7a3284\kotlin-script-runtime-2.1.0.jar;C:\Users\Ahmad\.gradle\caches\modules-2\files-2.1\org.jetbrains.kotlin\kotlin-reflect\1.6.10\1cbe9c92c12a94eea200d23c2bbaedaf3daf5132\kotlin-reflect-1.6.10.jar;C:\Users\Ahmad\.gradle\caches\modules-2\files-2.1\org.jetbrains.kotlin\kotlin-daemon-embeddable\2.1.0\420bae1908e4a353f5b56c3c850d24d86367b25d\kotlin-daemon-embeddable-2.1.0.jar;C:\Users\Ahmad\.gradle\caches\modules-2\files-2.1\org.jetbrains.intellij.deps\trove4j\1.0.20200330\3afb14d5f9ceb459d724e907a21145e8ff394f02\trove4j-1.0.20200330.jar;C:\Users\Ahmad\.gradle\caches\modules-2\files-2.1\org.jetbrains.kotlinx\kotlinx-coroutines-core-jvm\1.6.4\2c997cd1c0ef33f3e751d3831929aeff1390cb30\kotlinx-coroutines-core-jvm-1.6.4.jar;C:\Users\Ahmad\.gradle\caches\modules-2\files-2.1\org.jetbrains\annotations\13.0\919f0dfe192fb4e063e7dacadee7f8bb9a2672a9\annotations-13.0.jar
Launcher Type: SUN_STANDARD

[Global flags]
     intx CICompilerCount                          = 4                                         {product} {ergonomic}
     uint ConcGCThreads                            = 2                                         {product} {ergonomic}
     uint G1ConcRefinementThreads                  = 8                                         {product} {ergonomic}
   size_t G1HeapRegionSize                         = 4194304                                   {product} {ergonomic}
    uintx GCDrainStackTargetSize                   = 64                                        {product} {ergonomic}
   size_t InitialHeapSize                          = 402653184                                 {product} {ergonomic}
   size_t MarkStackSize                            = 4194304                                   {product} {ergonomic}
   size_t MaxHeapSize                              = 6429868032                                {product} {ergonomic}
   size_t MaxNewSize                               = 3854565376                                {product} {ergonomic}
   size_t MinHeapDeltaBytes                        = 4194304                                   {product} {ergonomic}
   size_t MinHeapSize                              = 8388608                                   {product} {ergonomic}
    uintx NonNMethodCodeHeapSize                   = 5839372                                {pd product} {ergonomic}
    uintx NonProfiledCodeHeapSize                  = 122909434                              {pd product} {ergonomic}
    uintx ProfiledCodeHeapSize                     = 122909434                              {pd product} {ergonomic}
    uintx ReservedCodeCacheSize                    = 251658240                              {pd product} {ergonomic}
     bool SegmentedCodeCache                       = true                                      {product} {ergonomic}
   size_t SoftMaxHeapSize                          = 6429868032                             {manageable} {ergonomic}
     bool UseCompressedOops                        = true                           {product lp64_product} {ergonomic}
     bool UseG1GC                                  = true                                      {product} {ergonomic}
     bool UseLargePagesIndividualAllocation        = false                                  {pd product} {ergonomic}

Logging:
Log output configuration:
 #0: stdout all=warning uptime,level,tags foldmultilines=false
 #1: stderr all=off uptime,level,tags foldmultilines=false

Environment Variables:
JAVA_HOME=D:\Program Files\Android\Android Studio\jbr
CLASSPATH=D:\Apps\TripBillSplitter\android\\gradle\wrapper\gradle-wrapper.jar
PATH=D:\Program Files\Android\Android Studio\jbr\bin;C:\Program Files (x86)\oh-my-posh\bin\;C:\Users\Ahmad\AppData\Roaming\npm;C:\Program Files\Eclipse Adoptium\jdk-17.0.16.8-hotspot\bin;C:\Users\Ahmad\AppData\Local\Programs\Python\Python312\Scripts\;C:\Users\Ahmad\AppData\Local\Programs\Python\Python312\;C:\Program Files (x86)\Eclipse Adoptium\jre-8.0.412.8-hotspot\bin;C:\Windows\system32;C:\Windows;C:\Windows\System32\Wbem;C:\Windows\System32\WindowsPowerShell\v1.0\;C:\Windows\System32\OpenSSH\;C:\Program Files (x86)\NVIDIA Corporation\PhysX\Common;C:\Program Files\PuTTY\;C:\Program Files (x86)\dotnet\;C:\Program Files\dotnet\;C:\Program Files\Git\cmd;C:\ProgramData\chocolatey\bin;C:\Program Files\NVIDIA Corporation\NVIDIA app\NvDLISR;C:\Program Files\nodejs\;C:\Users\Ahmad\.local\bin;C:\Program Files\GitHub CLI\;;C:\Program Files\Docker\Docker\resources\bin;C:\Program Files\cursor\resources\app\bin;C:\Users\Ahmad\.cargo\bin;C:\Users\Ahmad\AppData\Roaming\npm;C:\Users\Ahmad\AppData\Local\pnpm;C:\Program Files\Eclipse Adoptium\jdk-17.0.16.8-hotspot\bin;C:\Users\Ahmad\AppData\Local\Programs\Python\Python312\Scripts\;C:\Users\Ahmad\AppData\Local\Programs\Python\Python312\;C:\Program Files (x86)\Eclipse Adoptium\jre-8.0.412.8-hotspot\bin;C:\Windows\system32;C:\Windows\System32\Wbem;C:\Windows\System32\WindowsPowerShell\v1.0\;C:\Windows\System32\OpenSSH\;C:\Program Files (x86)\NVIDIA Corporation\PhysX\Common;C:\Program Files\PuTTY\;C:\Program Files (x86)\dotnet\;C:\Program Files\dotnet\;C:\Program Files\Git\cmd;C:\ProgramData\chocolatey\bin;C:\Program Files\NVIDIA Corporation\NVIDIA app\NvDLISR;C:\Program Files\nodejs\;C:\Program Files\Docker\Docker\resources\bin;C:\Program Files\Eclipse Adoptium\jdk-17.0.16.8-hotspot\bin;C:\Users\Ahmad\AppData\Local\Programs\Python\Python312\Scripts\;C:\Users\Ahmad\AppData\Local\Programs\Python\Python312\;C:\Program Files (x86)\Eclipse Adoptium\jre-8.0.412.8-hotspot\bin;C:\W;C:\Users\Ahmad\AppData\Local\Programs\cursor\resources\app\bin;D:\flutter\bin;;C:\Users\Ahmad\.local\bin;C:\Users\Ahmad\bin;C:\Users\Ahmad\.dotnet\tools;C:\Users\Ahmad\AppData\Local\Programs\Qoder\bin;C:\Users\Ahmad\AppData\Local\Programs\Microsoft VS Code\bin;C:\Users\Ahmad\AppData\Local\Programs\Antigravity\bin
USERNAME=Ahmad
LANG=en_US.UTF-8
OS=Windows_NT
PROCESSOR_IDENTIFIER=Intel64 Family 6 Model 60 Stepping 3, GenuineIntel
TMP=C:\Users\Ahmad\AppData\Local\Temp
TEMP=C:\Users\Ahmad\AppData\Local\Temp




Periodic native trim disabled

JNI global refs:
JNI global refs: 9, weak refs: 0

JNI global refs memory usage: 835, weak refs: 833

Process memory usage:
Resident Set Size: 168152K (0% of 25113692K total physical memory with 1949032K free physical memory)

OOME stack traces (most recent first):
Classloader memory used:
Loader jdk.internal.loader.ClassLoaders$AppClassLoader                                 : 34554K
Loader bootstrap                                                                       : 10066K

---------------  S Y S T E M  ---------------

OS:
 Windows 11 , 64 bit Build 22621 (10.0.22621.5415)
OS uptime: 28 days 19:15 hours
Hyper-V role detected

CPU: total 8 (initial active 8) (4 cores per cpu, 2 threads per core) family 6 model 60 stepping 3 microcode 0x28, cx8, cmov, fxsr, ht, mmx, sse, sse2, sse3, ssse3, sse4.1, sse4.2, popcnt, lzcnt, tsc, tscinvbit, avx, avx2, aes, erms, clmul, bmi1, bmi2, fma, vzeroupper, clflush, hv, rdtscp, f16c
Processor Information for the first 8 processors :
  Max Mhz: 2594, Current Mhz: 2594, Mhz Limit: 2594

Memory: 4k page, system-wide physical 24525M (1904M free)
TotalPageFile size 32525M (AvailPageFile size 8M)
current process WorkingSet (physical memory assigned to process): 164M, peak: 168M
current process commit charge ("private bytes"): 205M, peak: 494M

vm_info: OpenJDK 64-Bit Server VM (21.0.6+-13391695-b895.109) for windows-amd64 JRE (21.0.6+-13391695-b895.109), built on 2025-04-22T21:19:17Z by "builder" with MS VC++ 16.10 / 16.11 (VS2019)

END.
